<?xml version="1.0" encoding="UTF-8"?>
<!-- Generated by org.testng.reporters.JUnitReportReporter -->
<testsuite skipped="0" hostname="DESKTOP-HHQAO2M" name="runner.TestRunner" tests="1" failures="0" timestamp="05 Aug 2020 12:10:51 GMT" time="29.188" errors="0">
  <testcase name="runScenario" time="29.188" classname="runner.TestRunner"/>
</testsuite> <!-- runner.TestRunner -->
