<?xml version="1.0" encoding="UTF-8"?>
<!-- Generated by org.testng.reporters.JUnitReportReporter -->
<testsuite skipped="0" hostname="DESKTOP-HHQAO2M" name="testRunner.runner" tests="1" failures="0" timestamp="25 Jul 2020 12:07:58 GMT" time="58.327" errors="0">
  <testcase name="runScenario" time="58.327" classname="testRunner.runner"/>
</testsuite> <!-- testRunner.runner -->
