<?xml version="1.0" encoding="UTF-8"?>
<!-- Generated by org.testng.reporters.JUnitReportReporter -->
<testsuite skipped="1" hostname="DESKTOP-HHQAO2M" name="runner.TestRunner" tests="1" failures="0" timestamp="12 Aug 2020 13:05:37 GMT" time="41.424" errors="0">
  <testcase name="runScenario" time="41.424" classname="runner.TestRunner">
    <skipped/>
  </testcase> <!-- runScenario -->
</testsuite> <!-- runner.TestRunner -->
